[15288:3116:0322/100903.009:WARNING:t_skinfilemap.cpp(56)] SGRenderLog:CheckUpdate newMem.OpenMem failed, szNewMem:Local\sgime_skin.v2.filemap.sogouime err:系统错误2: 系统找不到指定的文件。  
打开Filemap失败: Local\sgime_skin.v2.filemap.sogouime2773a55b4b7
[15288:3116:0322/100903.009:WARNING:t_skinfilemap.cpp(65)] SGRenderLog:CheckUpdate finish: old version:1
[15288:3116:0322/100903.009:WARNING:t_skinfilemap.cpp(67)] SGRenderLog:CheckUpdate finish: new version:2
[15288:3116:0322/100903.058:WARNING:t_skinfilemap.cpp(63)] SGRenderLog:CheckUpdate newMem.OpenMem Suc, szNewMem:Local\sgime_skin.Dpi119.v2.filemap.sogouime
[15288:3116:0322/100903.058:WARNING:t_skinfilemap.cpp(65)] SGRenderLog:CheckUpdate finish: old version:2
[15288:3116:0322/100903.059:WARNING:t_skinfilemap.cpp(67)] SGRenderLog:CheckUpdate finish: new version:2
[11068:15848:0322/100956.289:WARNING:t_skinfilemap.cpp(56)] SGRenderLog:CheckUpdate newMem.OpenMem failed, szNewMem:Local\sgime_skin.v2.filemap.sogouime err:系统错误2: 系统找不到指定的文件。  
打开Filemap失败: Local\sgime_skin.v2.filemap.sogouime2773a55b4b7
[11068:15848:0322/100956.289:WARNING:t_skinfilemap.cpp(65)] SGRenderLog:CheckUpdate finish: old version:1
[11068:15848:0322/100956.289:WARNING:t_skinfilemap.cpp(67)] SGRenderLog:CheckUpdate finish: new version:2
[11068:15848:0322/100956.336:WARNING:t_skinfilemap.cpp(63)] SGRenderLog:CheckUpdate newMem.OpenMem Suc, szNewMem:Local\sgime_skin.Dpi119.v2.filemap.sogouime
[11068:15848:0322/100956.336:WARNING:t_skinfilemap.cpp(65)] SGRenderLog:CheckUpdate finish: old version:2
[11068:15848:0322/100956.336:WARNING:t_skinfilemap.cpp(67)] SGRenderLog:CheckUpdate finish: new version:2
[15676:16072:0322/101614.968:WARNING:t_skinfilemap.cpp(56)] SGRenderLog:CheckUpdate newMem.OpenMem failed, szNewMem:Local\sgime_skin.v2.filemap.sogouime err:系统错误2: 系统找不到指定的文件。  
打开Filemap失败: Local\sgime_skin.v2.filemap.sogouime2773a55b4b7
[15676:16072:0322/101614.968:WARNING:t_skinfilemap.cpp(65)] SGRenderLog:CheckUpdate finish: old version:1
[15676:16072:0322/101614.968:WARNING:t_skinfilemap.cpp(67)] SGRenderLog:CheckUpdate finish: new version:2
[15676:16072:0322/101615.010:WARNING:t_skinfilemap.cpp(63)] SGRenderLog:CheckUpdate newMem.OpenMem Suc, szNewMem:Local\sgime_skin.Dpi119.v2.filemap.sogouime
[15676:16072:0322/101615.010:WARNING:t_skinfilemap.cpp(65)] SGRenderLog:CheckUpdate finish: old version:2
[15676:16072:0322/101615.010:WARNING:t_skinfilemap.cpp(67)] SGRenderLog:CheckUpdate finish: new version:2
[1920:9336:0322/101635.996:WARNING:t_skinfilemap.cpp(56)] SGRenderLog:CheckUpdate newMem.OpenMem failed, szNewMem:Local\sgime_skin.v2.filemap.sogouime err:系统错误2: 系统找不到指定的文件。  
打开Filemap失败: Local\sgime_skin.v2.filemap.sogouime2773a55b4b7
[1920:9336:0322/101635.996:WARNING:t_skinfilemap.cpp(65)] SGRenderLog:CheckUpdate finish: old version:1
[1920:9336:0322/101635.996:WARNING:t_skinfilemap.cpp(67)] SGRenderLog:CheckUpdate finish: new version:2
[1920:9336:0322/101636.039:WARNING:t_skinfilemap.cpp(63)] SGRenderLog:CheckUpdate newMem.OpenMem Suc, szNewMem:Local\sgime_skin.Dpi119.v2.filemap.sogouime
[1920:9336:0322/101636.039:WARNING:t_skinfilemap.cpp(65)] SGRenderLog:CheckUpdate finish: old version:2
[1920:9336:0322/101636.039:WARNING:t_skinfilemap.cpp(67)] SGRenderLog:CheckUpdate finish: new version:2
